Job ID: 
Job started at: 2022-11-16-234758
DIR:/home/xiaohanh/ai-science-training-series/07_largeScaleTraining/src/ai4sci
┏━━━━━━━━━━━━━━━━━━━━━━━━━━━━━━━━━━━━━━━━━━━━━━━━━━━━━━━━━━━━━━━┓
┃  Job started at: 2022-11-16-234758 on thetagpu06           ┃
┗━━━━━━━━━━━━━━━━━━━━━━━━━━━━━━━━━━━━━━━━━━━━━━━━━━━━━━━━━━━━━━━┛
environment: line 5: __conda_exe: command not found
Creating new venv at: /home/xiaohanh/ai-science-training-series/07_largeScaleTraining/venvs/thetaGPU/2022-07-01
Defaulting to user installation because normal site-packages is not writeable
Requirement already satisfied: pip in /lus/theta-fs0/software/thetagpu/conda/2022-07-01/mconda3/lib/python3.8/site-packages (22.3)
Collecting pip
  Downloading pip-22.3.1-py3-none-any.whl (2.1 MB)
     ━━━━━━━━━━━━━━━━━━━━━━━━━━━━━━━━━━━━━━━━ 2.1/2.1 MB 75.7 MB/s eta 0:00:00
Installing collected packages: pip
  WARNING: The scripts pip, pip3, pip3.10 and pip3.8 are installed in '/home/xiaohanh/.local/thetagpu/conda/2022-07-01/bin' which is not on PATH.
  Consider adding this directory to PATH or, if you prefer to suppress this warning, use --no-warn-script-location.
Successfully installed pip-22.3.1

[notice] A new release of pip available: 22.3 -> 22.3.1
[notice] To update, run: pip install --upgrade pip
./main.sh: line 139: /home/xiaohanh/ai-science-training-series/07_largeScaleTraining/venvs/thetaGPU/2022-07-01/bin/activate: No such file or directory
Defaulting to user installation because normal site-packages is not writeable
Obtaining file:///home/xiaohanh/ai-science-training-series/07_largeScaleTraining
  Installing build dependencies: started
  Installing build dependencies: finished with status 'done'
  Checking if build backend supports build_editable: started
  Checking if build backend supports build_editable: finished with status 'done'
  Getting requirements to build editable: started
  Getting requirements to build editable: finished with status 'done'
  Preparing editable metadata (pyproject.toml): started
  Preparing editable metadata (pyproject.toml): finished with status 'done'
Building wheels for collected packages: ai4sci
  Building editable for ai4sci (pyproject.toml): started
  Building editable for ai4sci (pyproject.toml): finished with status 'done'
  Created wheel for ai4sci: filename=ai4sci-0.0.0-0.editable-py3-none-any.whl size=1170 sha256=3cb182f9bc3c6f0204fa4e4567ffda3b0e70199c6bd6824b190651b621081143
  Stored in directory: /tmp/pip-ephem-wheel-cache-6tu3nnff/wheels/c3/ca/09/d27b8948721b7b8e16ce726e0b5f70969294f6aca4b980854b
Successfully built ai4sci
Installing collected packages: ai4sci
Successfully installed ai4sci-0.0.0
WIDTH: 
DIR=/home/xiaohanh/ai-science-training-series/07_largeScaleTraining/src/ai4sci
MAIN=/home/xiaohanh/ai-science-training-series/07_largeScaleTraining/src/ai4sci/main.py
PARENT=/home/xiaohanh/ai-science-training-series/07_largeScaleTraining/src
ROOT=/home/xiaohanh/ai-science-training-series/07_largeScaleTraining
LOGDIR=/home/xiaohanh/ai-science-training-series/07_largeScaleTraining/src/ai4sci/logs
LOGFILE=/home/xiaohanh/ai-science-training-series/07_largeScaleTraining/src/ai4sci/logs/2022-11-16-234758-thetagpu06_ngpu1_ncpu256.log
IBV_FORK_SAFE=
──────────────────────────────────────────────────────────────────────────────────────────────────────────────────────────────────┏━━━━━━━━━━━━━━━━━━━━━━━━━━━━━━━━━━━━━━━━━━━━━━━━┓
┃  STARTING A NEW RUN ON 1 GPUs 256  ┃
┗━━━━━━━━━━━━━━━━━━━━━━━━━━━━━━━━━━━━━━━━━━━━━━━━┛


──────────────────────────────────────────────────────────────────────────────────────────────────────────────────────────────────┃  - DATE: 2022-11-16-234758
┃  - NCPUS: 256
┃  - NRANKS: 1
┃  - NGPUS PER RANK: 1
┃  - NGPUS TOTAL: 1
┃  - MAIN: /home/xiaohanh/ai-science-training-series/07_largeScaleTraining/src/ai4sci/main.py
┃  - Writing logs to /home/xiaohanh/ai-science-training-series/07_largeScaleTraining/src/ai4sci/logs/2022-11-16-234758-thetagpu06_ngpu1_ncpu256.log
┃  - python3: /lus/theta-fs0/software/thetagpu/conda/2022-07-01/mconda3/bin/python3
┃  - mpirun: /lus/theta-fs0/software/thetagpu/openmpi/openmpi-4.1.4_ucx-1.12.1_gcc-9.4.0/bin/mpirun
┃  - ai4sci: /home/xiaohanh/ai-science-training-series/07_largeScaleTraining/src/ai4sci/__init__.py
┃  - exec: /lus/theta-fs0/software/thetagpu/openmpi/openmpi-4.1.4_ucx-1.12.1_gcc-9.4.0/bin/mpirun --verbose     -n 1     --hostfile /var/tmp/cobalt.10115816     -npernode 1     -x PYTHONUSERBASE     -x PYTHONSTARTUP     -x http_proxy     -x https_proxy     -x PATH     -x LD_LIBRARY_PATH /lus/theta-fs0/software/thetagpu/conda/2022-07-01/mconda3/bin/python3 /home/xiaohanh/ai-science-training-series/07_largeScaleTraining/src/ai4sci/main.py batch_size=512
──────────────────────────────────────────────────────────────────────────────────────────────────────────────────────────────────

[thetagpu06:2529676] Warning: could not find environment variable "PYTHONSTARTUP"
2022-11-16 23:48:36.544595: W tensorflow/core/grappler/costs/op_level_cost_estimator.cc:690] Error in PredictCost() for the op: op: "CropAndResize" attr { key: "T" value { type: DT_UINT8 } } attr { key: "extrapolation_value" value { f: 0 } } attr { key: "method" value { s: "bilinear" } } inputs { dtype: DT_UINT8 shape { dim { size: 1 } dim { size: -5 } dim { size: -6 } dim { size: 3 } } } inputs { dtype: DT_FLOAT shape { dim { size: -2 } dim { size: 4 } } } inputs { dtype: DT_INT32 shape { dim { size: -2 } } } inputs { dtype: DT_INT32 shape { dim { size: 2 } } } device { type: "CPU" vendor: "AuthenticAMD" model: "241" frequency: 2245 num_cores: 2 environment { key: "cpu_instruction_set" value: "SSE, SSE2, SSE3" } environment { key: "eigen" value: "3.4.90" } l1_cache_size: 32768 l2_cache_size: 524288 l3_cache_size: 268435456 memory_size: 268435456 } outputs { dtype: DT_FLOAT shape { dim { size: -2 } dim { size: -10 } dim { size: -11 } dim { size: 3 } } }
